# Logfile created on 2014-03-05 18:15:18 +0900 by logger.rb/44203
I, [2014-03-05T18:15:18.938371 #61148]  INFO -- : 0:  rake (10.1.1) from /Users/jun.sumida/.rvm/gems/ruby-2.1.0/specifications/rake-10.1.1.gemspec
I, [2014-03-05T18:15:18.939023 #61148]  INFO -- : 0:  i18n (0.6.9) from /Users/jun.sumida/.rvm/gems/ruby-2.1.0/specifications/i18n-0.6.9.gemspec
I, [2014-03-05T18:15:18.939478 #61148]  INFO -- : 0:  minitest (4.7.5) from /Users/jun.sumida/.rvm/rubies/ruby-2.1.0/lib/ruby/gems/2.1.0/specifications/default/minitest-4.7.5.gemspec
I, [2014-03-05T18:15:20.240235 #61148]  INFO -- : 0:  multi_json (1.9.0) from /Users/jun.sumida/.rvm/gems/ruby-2.1.0/specifications/multi_json-1.9.0.gemspec
I, [2014-03-05T18:15:25.817266 #61148]  INFO -- : 0:  atomic (1.1.15) from /Users/jun.sumida/.rvm/gems/ruby-2.1.0/specifications/atomic-1.1.15.gemspec
I, [2014-03-05T18:15:26.599528 #61148]  INFO -- : 0:  thread_safe (0.2.0) from /Users/jun.sumida/.rvm/gems/ruby-2.1.0/specifications/thread_safe-0.2.0.gemspec
I, [2014-03-05T18:15:26.600179 #61148]  INFO -- : 0:  tzinfo (0.3.38) from /Users/jun.sumida/.rvm/gems/ruby-2.1.0/specifications/tzinfo-0.3.38.gemspec
I, [2014-03-05T18:15:27.597911 #61148]  INFO -- : 0:  activesupport (4.0.3) from /Users/jun.sumida/.rvm/gems/ruby-2.1.0/specifications/activesupport-4.0.3.gemspec
I, [2014-03-05T18:15:27.598283 #61148]  INFO -- : 0:  addressable (2.3.5) from /Users/jun.sumida/.rvm/gems/ruby-2.1.0/specifications/addressable-2.3.5.gemspec
I, [2014-03-05T18:15:29.556704 #61148]  INFO -- : 0:  bcrypt (3.1.7) from /Users/jun.sumida/.rvm/gems/ruby-2.1.0/specifications/bcrypt-3.1.7.gemspec
I, [2014-03-05T18:15:30.236771 #61148]  INFO -- : 0:  bcrypt-ruby (3.1.5) from /Users/jun.sumida/.rvm/gems/ruby-2.1.0/specifications/bcrypt-ruby-3.1.5.gemspec
I, [2014-03-05T18:15:30.237158 #61148]  INFO -- : 0:  bundler (1.5.1) from /Users/jun.sumida/.rvm/gems/ruby-2.1.0/specifications/bundler-1.5.1.gemspec
I, [2014-03-05T18:15:31.034139 #61148]  INFO -- : 0:  data_objects (0.10.14) from /Users/jun.sumida/.rvm/gems/ruby-2.1.0/specifications/data_objects-0.10.14.gemspec
I, [2014-03-05T18:15:32.206746 #61148]  INFO -- : 0:  dm-core (1.2.1) from /Users/jun.sumida/.rvm/gems/ruby-2.1.0/specifications/dm-core-1.2.1.gemspec
I, [2014-03-05T18:15:33.969286 #61148]  INFO -- : 0:  dm-aggregates (1.2.0) from /Users/jun.sumida/.rvm/gems/ruby-2.1.0/specifications/dm-aggregates-1.2.0.gemspec
I, [2014-03-05T18:15:34.680954 #61148]  INFO -- : 0:  dm-constraints (1.2.0) from /Users/jun.sumida/.rvm/gems/ruby-2.1.0/specifications/dm-constraints-1.2.0.gemspec
I, [2014-03-05T18:15:36.460921 #61148]  INFO -- : 0:  dm-do-adapter (1.2.0) from /Users/jun.sumida/.rvm/gems/ruby-2.1.0/specifications/dm-do-adapter-1.2.0.gemspec
I, [2014-03-05T18:15:37.507928 #61148]  INFO -- : 0:  dm-migrations (1.2.0) from /Users/jun.sumida/.rvm/gems/ruby-2.1.0/specifications/dm-migrations-1.2.0.gemspec
I, [2014-03-05T18:15:40.039898 #61148]  INFO -- : 0:  do_sqlite3 (0.10.14) from /Users/jun.sumida/.rvm/gems/ruby-2.1.0/specifications/do_sqlite3-0.10.14.gemspec
I, [2014-03-05T18:15:40.707029 #61148]  INFO -- : 0:  dm-sqlite-adapter (1.2.0) from /Users/jun.sumida/.rvm/gems/ruby-2.1.0/specifications/dm-sqlite-adapter-1.2.0.gemspec
I, [2014-03-05T18:15:42.043147 #61148]  INFO -- : 0:  dm-timestamps (1.2.0) from /Users/jun.sumida/.rvm/gems/ruby-2.1.0/specifications/dm-timestamps-1.2.0.gemspec
I, [2014-03-05T18:15:42.783933 #61148]  INFO -- : 0:  fastercsv (1.5.5) from /Users/jun.sumida/.rvm/gems/ruby-2.1.0/specifications/fastercsv-1.5.5.gemspec
I, [2014-03-05T18:15:42.784301 #61148]  INFO -- : 0:  json (1.8.1) from /Users/jun.sumida/.rvm/rubies/ruby-2.1.0/lib/ruby/gems/2.1.0/specifications/default/json-1.8.1.gemspec
I, [2014-03-05T18:15:43.609112 #61148]  INFO -- : 0:  stringex (1.5.1) from /Users/jun.sumida/.rvm/gems/ruby-2.1.0/specifications/stringex-1.5.1.gemspec
I, [2014-03-05T18:15:43.609566 #61148]  INFO -- : 0:  uuidtools (2.1.4) from /Users/jun.sumida/.rvm/gems/ruby-2.1.0/specifications/uuidtools-2.1.4.gemspec
I, [2014-03-05T18:15:44.330297 #61148]  INFO -- : 0:  dm-types (1.2.2) from /Users/jun.sumida/.rvm/gems/ruby-2.1.0/specifications/dm-types-1.2.2.gemspec
I, [2014-03-05T18:15:45.171766 #61148]  INFO -- : 0:  dm-validations (1.2.0) from /Users/jun.sumida/.rvm/gems/ruby-2.1.0/specifications/dm-validations-1.2.0.gemspec
I, [2014-03-05T18:15:45.172168 #61148]  INFO -- : 0:  rack (1.5.2) from /Users/jun.sumida/.rvm/gems/ruby-2.1.0/specifications/rack-1.5.2.gemspec
I, [2014-03-05T18:15:45.172499 #61148]  INFO -- : 0:  url_mount (0.2.1) from /Users/jun.sumida/.rvm/gems/ruby-2.1.0/specifications/url_mount-0.2.1.gemspec
I, [2014-03-05T18:15:45.172825 #61148]  INFO -- : 0:  http_router (0.11.1) from /Users/jun.sumida/.rvm/gems/ruby-2.1.0/specifications/http_router-0.11.1.gemspec
I, [2014-03-05T18:15:45.173167 #61148]  INFO -- : 0:  mime-types (1.25.1) from /Users/jun.sumida/.rvm/gems/ruby-2.1.0/specifications/mime-types-1.25.1.gemspec
I, [2014-03-05T18:15:46.751000 #61148]  INFO -- : 0:  polyglot (0.3.4) from /Users/jun.sumida/.rvm/gems/ruby-2.1.0/specifications/polyglot-0.3.4.gemspec
I, [2014-03-05T18:15:46.751642 #61148]  INFO -- : 0:  treetop (1.4.15) from /Users/jun.sumida/.rvm/gems/ruby-2.1.0/specifications/treetop-1.4.15.gemspec
I, [2014-03-05T18:15:46.752142 #61148]  INFO -- : 0:  mail (2.5.4) from /Users/jun.sumida/.rvm/gems/ruby-2.1.0/specifications/mail-2.5.4.gemspec
I, [2014-03-05T18:15:46.757809 #61148]  INFO -- : 0:  moneta (0.7.20) from /Users/jun.sumida/.rvm/gems/ruby-2.1.0/specifications/moneta-0.7.20.gemspec
I, [2014-03-05T18:15:46.758273 #61148]  INFO -- : 0:  rack-protection (1.5.2) from /Users/jun.sumida/.rvm/gems/ruby-2.1.0/specifications/rack-protection-1.5.2.gemspec
I, [2014-03-05T18:15:46.761855 #61148]  INFO -- : 0:  tilt (1.4.1) from /Users/jun.sumida/.rvm/gems/ruby-2.1.0/specifications/tilt-1.4.1.gemspec
I, [2014-03-05T18:15:46.762141 #61148]  INFO -- : 0:  sinatra (1.4.4) from /Users/jun.sumida/.rvm/gems/ruby-2.1.0/specifications/sinatra-1.4.4.gemspec
I, [2014-03-05T18:15:46.762394 #61148]  INFO -- : 0:  thor (0.17.0) from /Users/jun.sumida/.rvm/gems/ruby-2.1.0/specifications/thor-0.17.0.gemspec
I, [2014-03-05T18:15:46.762671 #61148]  INFO -- : 0:  padrino-core (0.12.0) from /Users/jun.sumida/.rvm/gems/ruby-2.1.0/specifications/padrino-core-0.12.0.gemspec
I, [2014-03-05T18:15:46.762963 #61148]  INFO -- : 0:  padrino-helpers (0.12.0) from /Users/jun.sumida/.rvm/gems/ruby-2.1.0/specifications/padrino-helpers-0.12.0.gemspec
I, [2014-03-05T18:15:46.763255 #61148]  INFO -- : 0:  padrino-admin (0.12.0) from /Users/jun.sumida/.rvm/gems/ruby-2.1.0/specifications/padrino-admin-0.12.0.gemspec
I, [2014-03-05T18:15:46.763543 #61148]  INFO -- : 0:  padrino-cache (0.12.0) from /Users/jun.sumida/.rvm/gems/ruby-2.1.0/specifications/padrino-cache-0.12.0.gemspec
I, [2014-03-05T18:15:46.763834 #61148]  INFO -- : 0:  padrino-gen (0.12.0) from /Users/jun.sumida/.rvm/gems/ruby-2.1.0/specifications/padrino-gen-0.12.0.gemspec
I, [2014-03-05T18:15:46.764133 #61148]  INFO -- : 0:  padrino-mailer (0.12.0) from /Users/jun.sumida/.rvm/gems/ruby-2.1.0/specifications/padrino-mailer-0.12.0.gemspec
I, [2014-03-05T18:15:46.764424 #61148]  INFO -- : 0:  padrino (0.12.0) from /Users/jun.sumida/.rvm/gems/ruby-2.1.0/specifications/padrino-0.12.0.gemspec
I, [2014-03-05T18:15:47.526344 #61148]  INFO -- : 0:  temple (0.6.7) from /Users/jun.sumida/.rvm/gems/ruby-2.1.0/specifications/temple-0.6.7.gemspec
I, [2014-03-05T18:15:48.280082 #61148]  INFO -- : 0:  slim (2.0.2) from /Users/jun.sumida/.rvm/gems/ruby-2.1.0/specifications/slim-2.0.2.gemspec
